INFO:     Will watch for changes in these directories: ['/Users/shubhamchhapolika/promptshield/backend']
INFO:     Uvicorn running on http://0.0.0.0:8000 (Press CTRL+C to quit)
INFO:     Started reloader process [20781] using WatchFiles
2026-06-16 13:16:37,164 INFO sqlalchemy.engine.Engine BEGIN (implicit)
2026-06-16 13:16:37,164 INFO sqlalchemy.engine.Engine PRAGMA main.table_info("organization_users")
2026-06-16 13:16:37,164 INFO sqlalchemy.engine.Engine [raw sql] ()
2026-06-16 13:16:37,165 INFO sqlalchemy.engine.Engine PRAGMA main.table_info("organizations")
2026-06-16 13:16:37,165 INFO sqlalchemy.engine.Engine [raw sql] ()
2026-06-16 13:16:37,165 INFO sqlalchemy.engine.Engine PRAGMA main.table_info("users")
2026-06-16 13:16:37,165 INFO sqlalchemy.engine.Engine [raw sql] ()
2026-06-16 13:16:37,165 INFO sqlalchemy.engine.Engine PRAGMA main.table_info("applications")
2026-06-16 13:16:37,165 INFO sqlalchemy.engine.Engine [raw sql] ()
2026-06-16 13:16:37,165 INFO sqlalchemy.engine.Engine PRAGMA main.table_info("api_keys")
2026-06-16 13:16:37,165 INFO sqlalchemy.engine.Engine [raw sql] ()
2026-06-16 13:16:37,165 INFO sqlalchemy.engine.Engine PRAGMA main.table_info("detections")
2026-06-16 13:16:37,165 INFO sqlalchemy.engine.Engine [raw sql] ()
2026-06-16 13:16:37,165 INFO sqlalchemy.engine.Engine PRAGMA main.table_info("usage_metrics")
2026-06-16 13:16:37,165 INFO sqlalchemy.engine.Engine [raw sql] ()
2026-06-16 13:16:37,165 INFO sqlalchemy.engine.Engine PRAGMA main.table_info("rules")
2026-06-16 13:16:37,165 INFO sqlalchemy.engine.Engine [raw sql] ()
2026-06-16 13:16:37,165 INFO sqlalchemy.engine.Engine PRAGMA main.table_info("audit_logs")
2026-06-16 13:16:37,165 INFO sqlalchemy.engine.Engine [raw sql] ()
2026-06-16 13:16:37,165 INFO sqlalchemy.engine.Engine PRAGMA main.table_info("token_blacklist")
2026-06-16 13:16:37,165 INFO sqlalchemy.engine.Engine [raw sql] ()
2026-06-16 13:16:37,165 INFO sqlalchemy.engine.Engine PRAGMA main.table_info("plans")
2026-06-16 13:16:37,165 INFO sqlalchemy.engine.Engine [raw sql] ()
2026-06-16 13:16:37,165 INFO sqlalchemy.engine.Engine PRAGMA main.table_info("subscriptions")
2026-06-16 13:16:37,165 INFO sqlalchemy.engine.Engine [raw sql] ()
2026-06-16 13:16:37,165 INFO sqlalchemy.engine.Engine COMMIT
INFO:     Started server process [20784]
INFO:     Waiting for application startup.
INFO:     Application startup complete.
Creating database session
Database session created
2026-06-16 13:17:26,389 INFO sqlalchemy.engine.Engine BEGIN (implicit)
2026-06-16 13:17:26,390 INFO sqlalchemy.engine.Engine SELECT users.id AS users_id, users.email AS users_email, users.name AS users_name, users.password_hash AS users_password_hash, users.tier AS users_tier, users.is_active AS users_is_active, users.is_verified AS users_is_verified, users.failed_login_attempts AS users_failed_login_attempts, users.locked_until AS users_locked_until, users.created_at AS users_created_at, users.updated_at AS users_updated_at 
FROM users 
WHERE users.email = ?
 LIMIT ? OFFSET ?
2026-06-16 13:17:26,390 INFO sqlalchemy.engine.Engine [generated in 0.00006s] ('testuser@example.com', 1, 0)
2026-06-16 13:17:26,558 INFO sqlalchemy.engine.Engine SELECT organization_users.id AS organization_users_id, organization_users.organization_id AS organization_users_organization_id, organization_users.user_id AS organization_users_user_id, organization_users.role AS organization_users_role 
FROM organization_users 
WHERE organization_users.user_id = ?
 LIMIT ? OFFSET ?
2026-06-16 13:17:26,558 INFO sqlalchemy.engine.Engine [generated in 0.00009s] ('ebcdc6a4-4605-4d11-b1ef-62bb108b34eb', 1, 0)
INFO:     127.0.0.1:50441 - "POST /api/auth/login HTTP/1.1" 200 OK
Closing database session
2026-06-16 13:17:26,563 INFO sqlalchemy.engine.Engine ROLLBACK
Creating database session
Database session created
Closing database session
INFO:     127.0.0.1:50479 - "POST /api/detections/analyze HTTP/1.1" 403 Forbidden
Creating database session
Database session created
2026-06-16 13:19:55,981 INFO sqlalchemy.engine.Engine BEGIN (implicit)
2026-06-16 13:19:55,981 INFO sqlalchemy.engine.Engine SELECT users.id AS users_id, users.email AS users_email, users.name AS users_name, users.password_hash AS users_password_hash, users.tier AS users_tier, users.is_active AS users_is_active, users.is_verified AS users_is_verified, users.failed_login_attempts AS users_failed_login_attempts, users.locked_until AS users_locked_until, users.created_at AS users_created_at, users.updated_at AS users_updated_at 
FROM users 
WHERE users.id = ?
 LIMIT ? OFFSET ?
2026-06-16 13:19:55,982 INFO sqlalchemy.engine.Engine [generated in 0.00009s] ('ebcdc6a4-4605-4d11-b1ef-62bb108b34eb', 1, 0)
2026-06-16 13:19:55,982 INFO sqlalchemy.engine.Engine SELECT organization_users.id AS organization_users_id, organization_users.organization_id AS organization_users_organization_id, organization_users.user_id AS organization_users_user_id, organization_users.role AS organization_users_role 
FROM organization_users 
WHERE organization_users.user_id = ?
 LIMIT ? OFFSET ?
2026-06-16 13:19:55,982 INFO sqlalchemy.engine.Engine [cached since 149.4s ago] ('ebcdc6a4-4605-4d11-b1ef-62bb108b34eb', 1, 0)
2026-06-16 13:19:55,983 INFO sqlalchemy.engine.Engine SELECT organizations.id AS organizations_id, organizations.name AS organizations_name, organizations.created_at AS organizations_created_at, organizations.settings_json AS organizations_settings_json 
FROM organizations 
WHERE organizations.id = ?
 LIMIT ? OFFSET ?
2026-06-16 13:19:55,983 INFO sqlalchemy.engine.Engine [generated in 0.00007s] ('386eab6a-6432-406b-bfbf-04a9c0d34fd0', 1, 0)
INFO:     127.0.0.1:50654 - "GET /api/auth/me HTTP/1.1" 200 OK
Closing database session
2026-06-16 13:19:55,983 INFO sqlalchemy.engine.Engine ROLLBACK
INFO:     127.0.0.1:50893 - "GET /health HTTP/1.1" 200 OK
INFO:     127.0.0.1:51303 - "OPTIONS /api/auth/login HTTP/1.1" 400 Bad Request
INFO:     127.0.0.1:51315 - "OPTIONS /api/auth/signup HTTP/1.1" 400 Bad Request
INFO:     Shutting down
INFO:     Waiting for application shutdown.
INFO:     Application shutdown complete.
INFO:     Finished server process [20784]
INFO:     Stopping reloader process [20781]
